This file contains any messages produced by compilers while
running configure, to aid debugging if configure makes a mistake.

It was created by configure, which was
generated by GNU Autoconf 2.71.  Invocation command line was

  $ ./configure CC=gcc-12 'LDFLAGS=-L/home/linuxbrew/.linuxbrew/opt/llvm@15/lib -Wl,-rpath,/home/linuxbrew/.linuxbrew/opt/llvm@15/lib' --no-create --no-recursion

## --------- ##
## Platform. ##
## --------- ##

hostname = T460
uname -m = x86_64
uname -r = 4.10.0-28-generic
uname -s = Linux
uname -v = #32~16.04.2-Ubuntu SMP Thu Jul 20 10:19:48 UTC 2017

/usr/bin/uname -p = unknown
/bin/uname -X     = unknown

/bin/arch              = unknown
/usr/bin/arch -k       = unknown
/usr/convex/getsysinfo = unknown
/usr/bin/hostinfo      = unknown
/bin/machine           = unknown
/usr/bin/oslevel       = unknown
/bin/universe          = unknown

PATH: /home/alex/bin/
PATH: /usr/local/bin/
PATH: /home/alex/.cargo/bin/
PATH: /home/linuxbrew/.linuxbrew/bin/
PATH: /home/linuxbrew/.linuxbrew/sbin/
PATH: /home/alex/bin/
PATH: /home/alex/.local/bin/
PATH: /usr/local/sbin/
PATH: /usr/local/bin/
PATH: /usr/sbin/
PATH: /usr/bin/
PATH: /sbin/
PATH: /bin/
PATH: /usr/games/
PATH: /usr/local/games/
PATH: /snap/bin/


## ----------- ##
## Core tests. ##
## ----------- ##

configure:2101: looking for aux files: compile missing install-sh
configure:2114:  trying ./
configure:2143:   ./compile found
configure:2143:   ./missing found
configure:2125:   ./install-sh found
configure:2272: checking for a BSD-compatible install
configure:2345: result: /usr/bin/install -c
configure:2356: checking whether build environment is sane
configure:2411: result: yes
configure:2570: checking for a race-free mkdir -p
configure:2614: result: /bin/mkdir -p
configure:2621: checking for gawk
configure:2642: found /home/linuxbrew/.linuxbrew/bin/gawk
configure:2653: result: gawk
configure:2664: checking whether make sets $(MAKE)
configure:2687: result: yes
configure:2717: checking whether make supports nested variables
configure:2735: result: yes
configure:3020: checking that generated files are newer than configure
configure:3026: result: done
configure:3034: creating ./config.status
configure:4120: checking for gcc
configure:4152: result: gcc-12
configure:4505: checking for C compiler version
configure:4514: gcc-12 --version >&5
gcc-12 (Homebrew GCC 12.2.0) 12.2.0
Copyright (C) 2022 Free Software Foundation, Inc.
This is free software; see the source for copying conditions.  There is NO
warranty; not even for MERCHANTABILITY or FITNESS FOR A PARTICULAR PURPOSE.

configure:4525: $? = 0
configure:4514: gcc-12 -v >&5
Reading specs from /home/linuxbrew/.linuxbrew/Cellar/gcc/12.2.0/bin/../lib/gcc/current/gcc/x86_64-pc-linux-gnu/12/specs
COLLECT_GCC=gcc-12
COLLECT_LTO_WRAPPER=/home/linuxbrew/.linuxbrew/Cellar/gcc/12.2.0/bin/../libexec/gcc/x86_64-pc-linux-gnu/12/lto-wrapper
Target: x86_64-pc-linux-gnu
Configured with: ../configure --prefix=/home/linuxbrew/.linuxbrew/opt/gcc --libdir=/home/linuxbrew/.linuxbrew/opt/gcc/lib/gcc/current --disable-nls --enable-checking=release --with-gcc-major-version-only --enable-languages=c,c++,objc,obj-c++,fortran --program-suffix=-12 --with-gmp=/home/linuxbrew/.linuxbrew/opt/gmp --with-mpfr=/home/linuxbrew/.linuxbrew/opt/mpfr --with-mpc=/home/linuxbrew/.linuxbrew/opt/libmpc --with-isl=/home/linuxbrew/.linuxbrew/opt/isl --with-zstd=/home/linuxbrew/.linuxbrew/opt/zstd --with-pkgversion='Homebrew GCC 12.2.0' --with-bugurl=https://github.com/Homebrew/homebrew-core/issues --with-system-zlib --with-boot-ldflags='-static-libstdc++ -static-libgcc ' --disable-multilib
Thread model: posix
Supported LTO compression algorithms: zlib zstd
gcc version 12.2.0 (Homebrew GCC 12.2.0) 
configure:4525: $? = 0
configure:4514: gcc-12 -V >&5
gcc-12: error: unrecognized command-line option '-V'
gcc-12: fatal error: no input files
compilation terminated.
configure:4525: $? = 1
configure:4514: gcc-12 -qversion >&5
gcc-12: error: unrecognized command-line option '-qversion'; did you mean '--version'?
gcc-12: fatal error: no input files
compilation terminated.
configure:4525: $? = 1
configure:4514: gcc-12 -version >&5
gcc-12: error: unrecognized command-line option '-version'
gcc-12: fatal error: no input files
compilation terminated.
configure:4525: $? = 1
configure:4545: checking whether the C compiler works
configure:4567: gcc-12   -L/home/linuxbrew/.linuxbrew/opt/llvm@15/lib -Wl,-rpath,/home/linuxbrew/.linuxbrew/opt/llvm@15/lib conftest.c  >&5
configure:4571: $? = 0
configure:4621: result: yes
configure:4624: checking for C compiler default output file name
configure:4626: result: a.out
configure:4632: checking for suffix of executables
configure:4639: gcc-12 -o conftest   -L/home/linuxbrew/.linuxbrew/opt/llvm@15/lib -Wl,-rpath,/home/linuxbrew/.linuxbrew/opt/llvm@15/lib conftest.c  >&5
configure:4643: $? = 0
configure:4666: result: 
configure:4688: checking whether we are cross compiling
configure:4696: gcc-12 -o conftest   -L/home/linuxbrew/.linuxbrew/opt/llvm@15/lib -Wl,-rpath,/home/linuxbrew/.linuxbrew/opt/llvm@15/lib conftest.c  >&5
configure:4700: $? = 0
configure:4707: ./conftest
configure:4711: $? = 0
configure:4726: result: no
configure:4731: checking for suffix of object files
configure:4754: gcc-12 -c   conftest.c >&5
configure:4758: $? = 0
configure:4780: result: o
configure:4784: checking whether the compiler supports GNU C
configure:4804: gcc-12 -c   conftest.c >&5
configure:4804: $? = 0
configure:4814: result: yes
configure:4825: checking whether gcc-12 accepts -g
configure:4846: gcc-12 -c -g  conftest.c >&5
configure:4846: $? = 0
configure:4890: result: yes
configure:4910: checking for gcc-12 option to enable C11 features
configure:4925: gcc-12  -c -g -O2  conftest.c >&5
configure:4925: $? = 0
configure:4943: result: none needed
configure:5059: checking whether gcc-12 understands -c and -o together
configure:5082: gcc-12 -c conftest.c -o conftest2.o
configure:5085: $? = 0
configure:5082: gcc-12 -c conftest.c -o conftest2.o
configure:5085: $? = 0
configure:5097: result: yes
configure:5117: checking whether make supports the include directive
configure:5132: make -f confmf.GNU && cat confinc.out
make[1]: Entering directory '/home/alex/tmp/parcurs/SCRATCH/RELEASE/asm/cmake/testes'
make[1]: Leaving directory '/home/alex/tmp/parcurs/SCRATCH/RELEASE/asm/cmake/testes'
this is the am__doit target
configure:5135: $? = 0
configure:5154: result: yes (GNU style)
configure:5180: checking dependency style of gcc-12
configure:5292: result: gcc3
configure:5425: checking that generated files are newer than configure
configure:5431: result: done
configure:5454: creating ./config.status

## ---------------- ##
## Cache variables. ##
## ---------------- ##

ac_cv_c_compiler_gnu=yes
ac_cv_env_CC_set=set
ac_cv_env_CC_value=gcc-12
ac_cv_env_CFLAGS_set=
ac_cv_env_CFLAGS_value=
ac_cv_env_CPPFLAGS_set=
ac_cv_env_CPPFLAGS_value=
ac_cv_env_LDFLAGS_set=set
ac_cv_env_LDFLAGS_value='-L/home/linuxbrew/.linuxbrew/opt/llvm@15/lib -Wl,-rpath,/home/linuxbrew/.linuxbrew/opt/llvm@15/lib'
ac_cv_env_LIBS_set=
ac_cv_env_LIBS_value=
ac_cv_env_build_alias_set=
ac_cv_env_build_alias_value=
ac_cv_env_host_alias_set=
ac_cv_env_host_alias_value=
ac_cv_env_target_alias_set=
ac_cv_env_target_alias_value=
ac_cv_objext=o
ac_cv_path_install='/usr/bin/install -c'
ac_cv_path_mkdir=/bin/mkdir
ac_cv_prog_AWK=gawk
ac_cv_prog_ac_ct_CC=gcc-12
ac_cv_prog_cc_c11=
ac_cv_prog_cc_g=yes
ac_cv_prog_cc_stdc=
ac_cv_prog_make_make_set=yes
am_cv_CC_dependencies_compiler_type=gcc3
am_cv_make_support_nested_variables=yes
am_cv_prog_cc_c_o=yes

## ----------------- ##
## Output variables. ##
## ----------------- ##

ACLOCAL='${SHELL} '\''/home/alex/tmp/parcurs/SCRATCH/RELEASE/asm/cmake/testes/missing'\'' aclocal-1.16'
AMDEPBACKSLASH='\'
AMDEP_FALSE='#'
AMDEP_TRUE=''
AMTAR='$${TAR-tar}'
AM_BACKSLASH='\'
AM_DEFAULT_V='$(AM_DEFAULT_VERBOSITY)'
AM_DEFAULT_VERBOSITY='1'
AM_V='$(V)'
AUTOCONF='${SHELL} '\''/home/alex/tmp/parcurs/SCRATCH/RELEASE/asm/cmake/testes/missing'\'' autoconf'
AUTOHEADER='${SHELL} '\''/home/alex/tmp/parcurs/SCRATCH/RELEASE/asm/cmake/testes/missing'\'' autoheader'
AUTOMAKE='${SHELL} '\''/home/alex/tmp/parcurs/SCRATCH/RELEASE/asm/cmake/testes/missing'\'' automake-1.16'
AWK='gawk'
CC='gcc-12'
CCDEPMODE='depmode=gcc3'
CFLAGS='-g -O2'
CPPFLAGS=''
CSCOPE='cscope'
CTAGS='ctags'
CYGPATH_W='echo'
DEFS='-DHAVE_CONFIG_H'
DEPDIR='.deps'
ECHO_C=''
ECHO_N='-n'
ECHO_T=''
ETAGS='etags'
EXEEXT=''
INSTALL_DATA='${INSTALL} -m 644'
INSTALL_PROGRAM='${INSTALL}'
INSTALL_SCRIPT='${INSTALL}'
INSTALL_STRIP_PROGRAM='$(install_sh) -c -s'
LDFLAGS='-L/home/linuxbrew/.linuxbrew/opt/llvm@15/lib -Wl,-rpath,/home/linuxbrew/.linuxbrew/opt/llvm@15/lib'
LIBOBJS=''
LIBS=''
LTLIBOBJS=''
MAKEINFO='${SHELL} '\''/home/alex/tmp/parcurs/SCRATCH/RELEASE/asm/cmake/testes/missing'\'' makeinfo'
MKDIR_P='/bin/mkdir -p'
OBJEXT='o'
PACKAGE='teste'
PACKAGE_BUGREPORT=''
PACKAGE_NAME=''
PACKAGE_STRING=''
PACKAGE_TARNAME=''
PACKAGE_URL=''
PACKAGE_VERSION=''
PATH_SEPARATOR=':'
SET_MAKE=''
SHELL='/bin/bash'
STRIP=''
VERSION='1.0'
ac_ct_CC='gcc-12'
am__EXEEXT_FALSE=''
am__EXEEXT_TRUE='#'
am__fastdepCC_FALSE='#'
am__fastdepCC_TRUE=''
am__include='include'
am__isrc=''
am__leading_dot='.'
am__nodep='_no'
am__quote=''
am__tar='$${TAR-tar} chof - "$$tardir"'
am__untar='$${TAR-tar} xf -'
bindir='${exec_prefix}/bin'
build_alias=''
datadir='${datarootdir}'
datarootdir='${prefix}/share'
docdir='${datarootdir}/doc/${PACKAGE}'
dvidir='${docdir}'
exec_prefix='${prefix}'
host_alias=''
htmldir='${docdir}'
includedir='${prefix}/include'
infodir='${datarootdir}/info'
install_sh='${SHELL} /home/alex/tmp/parcurs/SCRATCH/RELEASE/asm/cmake/testes/install-sh'
libdir='${exec_prefix}/lib'
libexecdir='${exec_prefix}/libexec'
localedir='${datarootdir}/locale'
localstatedir='${prefix}/var'
mandir='${datarootdir}/man'
mkdir_p='$(MKDIR_P)'
oldincludedir='/usr/include'
pdfdir='${docdir}'
prefix='/usr/local'
program_transform_name='s,x,x,'
psdir='${docdir}'
runstatedir='${localstatedir}/run'
sbindir='${exec_prefix}/sbin'
sharedstatedir='${prefix}/com'
sysconfdir='${prefix}/etc'
target_alias=''

## ----------- ##
## confdefs.h. ##
## ----------- ##

/* confdefs.h */
#define PACKAGE_NAME ""
#define PACKAGE_TARNAME ""
#define PACKAGE_VERSION ""
#define PACKAGE_STRING ""
#define PACKAGE_BUGREPORT ""
#define PACKAGE_URL ""
#define PACKAGE "teste"
#define VERSION "1.0"

configure: exit 0

## ---------------------- ##
## Running config.status. ##
## ---------------------- ##

This file was extended by config.status, which was
generated by GNU Autoconf 2.71.  Invocation command line was

  CONFIG_FILES    = 
  CONFIG_HEADERS  = 
  CONFIG_LINKS    = 
  CONFIG_COMMANDS = 
  $ ./config.status 

on T460

config.status:841: creating Makefile
config.status:841: creating src/Makefile
config.status:841: creating doc/Makefile
config.status:841: creating examples/Makefile
config.status:841: creating man/Makefile
config.status:841: creating scripts/Makefile
config.status:841: creating config.h
config.status:1022: config.h is unchanged
config.status:1070: executing depfiles commands
config.status:1147: cd src       && sed -e '/# am--include-marker/d' Makefile         | make -f - am--depfiles
make[1]: Entering directory '/home/alex/tmp/parcurs/SCRATCH/RELEASE/asm/cmake/testes/src'
make[1]: Nothing to be done for 'am--depfiles'.
make[1]: Leaving directory '/home/alex/tmp/parcurs/SCRATCH/RELEASE/asm/cmake/testes/src'
config.status:1152: $? = 0

## ---------------------- ##
## Running config.status. ##
## ---------------------- ##

This file was extended by config.status, which was
generated by GNU Autoconf 2.71.  Invocation command line was

  CONFIG_FILES    = 
  CONFIG_HEADERS  = 
  CONFIG_LINKS    = 
  CONFIG_COMMANDS = 
  $ ./config.status config.h

on T460

config.status:841: creating config.h
config.status:1022: config.h is unchanged
