This file contains any messages produced by compilers while
running configure, to aid debugging if configure makes a mistake.

It was created by main configure 1.0, which was
generated by GNU Autoconf 2.71.  Invocation command line was

  $ ./configure CC=gcc-12 'LDFLAGS=-L/home/linuxbrew/.linuxbrew/opt/llvm@15/lib -Wl,-rpath,/home/linuxbrew/.linuxbrew/opt/llvm@15/lib' --no-create --no-recursion

## --------- ##
## Platform. ##
## --------- ##

hostname = T460
uname -m = x86_64
uname -r = 4.10.0-28-generic
uname -s = Linux
uname -v = #32~16.04.2-Ubuntu SMP Thu Jul 20 10:19:48 UTC 2017

/usr/bin/uname -p = unknown
/bin/uname -X     = unknown

/bin/arch              = unknown
/usr/bin/arch -k       = unknown
/usr/convex/getsysinfo = unknown
/usr/bin/hostinfo      = unknown
/bin/machine           = unknown
/usr/bin/oslevel       = unknown
/bin/universe          = unknown

PATH: /home/alex/bin/
PATH: /usr/local/bin/
PATH: /home/alex/.cargo/bin/
PATH: /home/linuxbrew/.linuxbrew/bin/
PATH: /home/linuxbrew/.linuxbrew/sbin/
PATH: /home/alex/bin/
PATH: /home/alex/.local/bin/
PATH: /usr/local/sbin/
PATH: /usr/local/bin/
PATH: /usr/sbin/
PATH: /usr/bin/
PATH: /sbin/
PATH: /bin/
PATH: /usr/games/
PATH: /usr/local/games/
PATH: /snap/bin/


## ----------- ##
## Core tests. ##
## ----------- ##

configure:2747: looking for aux files: missing ar-lib install-sh config.guess config.sub ltmain.sh compile
configure:2760:  trying ./
configure:2789:   ./missing found
configure:2789:   ./ar-lib found
configure:2771:   ./install-sh found
configure:2789:   ./config.guess found
configure:2789:   ./config.sub found
configure:2789:   ./ltmain.sh found
configure:2789:   ./compile found
configure:2968: checking for gcc
configure:3000: result: gcc-12
configure:3353: checking for C compiler version
configure:3362: gcc-12 --version >&5
gcc-12 (Homebrew GCC 12.2.0) 12.2.0
Copyright (C) 2022 Free Software Foundation, Inc.
This is free software; see the source for copying conditions.  There is NO
warranty; not even for MERCHANTABILITY or FITNESS FOR A PARTICULAR PURPOSE.

configure:3373: $? = 0
configure:3362: gcc-12 -v >&5
Reading specs from /home/linuxbrew/.linuxbrew/Cellar/gcc/12.2.0/bin/../lib/gcc/current/gcc/x86_64-pc-linux-gnu/12/specs
COLLECT_GCC=gcc-12
COLLECT_LTO_WRAPPER=/home/linuxbrew/.linuxbrew/Cellar/gcc/12.2.0/bin/../libexec/gcc/x86_64-pc-linux-gnu/12/lto-wrapper
Target: x86_64-pc-linux-gnu
Configured with: ../configure --prefix=/home/linuxbrew/.linuxbrew/opt/gcc --libdir=/home/linuxbrew/.linuxbrew/opt/gcc/lib/gcc/current --disable-nls --enable-checking=release --with-gcc-major-version-only --enable-languages=c,c++,objc,obj-c++,fortran --program-suffix=-12 --with-gmp=/home/linuxbrew/.linuxbrew/opt/gmp --with-mpfr=/home/linuxbrew/.linuxbrew/opt/mpfr --with-mpc=/home/linuxbrew/.linuxbrew/opt/libmpc --with-isl=/home/linuxbrew/.linuxbrew/opt/isl --with-zstd=/home/linuxbrew/.linuxbrew/opt/zstd --with-pkgversion='Homebrew GCC 12.2.0' --with-bugurl=https://github.com/Homebrew/homebrew-core/issues --with-system-zlib --with-boot-ldflags='-static-libstdc++ -static-libgcc ' --disable-multilib
Thread model: posix
Supported LTO compression algorithms: zlib zstd
gcc version 12.2.0 (Homebrew GCC 12.2.0) 
configure:3373: $? = 0
configure:3362: gcc-12 -V >&5
gcc-12: error: unrecognized command-line option '-V'
gcc-12: fatal error: no input files
compilation terminated.
configure:3373: $? = 1
configure:3362: gcc-12 -qversion >&5
gcc-12: error: unrecognized command-line option '-qversion'; did you mean '--version'?
gcc-12: fatal error: no input files
compilation terminated.
configure:3373: $? = 1
configure:3362: gcc-12 -version >&5
gcc-12: error: unrecognized command-line option '-version'
gcc-12: fatal error: no input files
compilation terminated.
configure:3373: $? = 1
configure:3393: checking whether the C compiler works
configure:3415: gcc-12   -L/home/linuxbrew/.linuxbrew/opt/llvm@15/lib -Wl,-rpath,/home/linuxbrew/.linuxbrew/opt/llvm@15/lib conftest.c  >&5
configure:3419: $? = 0
configure:3469: result: yes
configure:3472: checking for C compiler default output file name
configure:3474: result: a.out
configure:3480: checking for suffix of executables
configure:3487: gcc-12 -o conftest   -L/home/linuxbrew/.linuxbrew/opt/llvm@15/lib -Wl,-rpath,/home/linuxbrew/.linuxbrew/opt/llvm@15/lib conftest.c  >&5
configure:3491: $? = 0
configure:3514: result: 
configure:3536: checking whether we are cross compiling
configure:3544: gcc-12 -o conftest   -L/home/linuxbrew/.linuxbrew/opt/llvm@15/lib -Wl,-rpath,/home/linuxbrew/.linuxbrew/opt/llvm@15/lib conftest.c  >&5
configure:3548: $? = 0
configure:3555: ./conftest
configure:3559: $? = 0
configure:3574: result: no
configure:3579: checking for suffix of object files
configure:3602: gcc-12 -c   conftest.c >&5
configure:3606: $? = 0
configure:3628: result: o
configure:3632: checking whether the compiler supports GNU C
configure:3652: gcc-12 -c   conftest.c >&5
configure:3652: $? = 0
configure:3662: result: yes
configure:3673: checking whether gcc-12 accepts -g
configure:3694: gcc-12 -c -g  conftest.c >&5
configure:3694: $? = 0
configure:3738: result: yes
configure:3758: checking for gcc-12 option to enable C11 features
configure:3773: gcc-12  -c -g -O2  conftest.c >&5
configure:3773: $? = 0
configure:3791: result: none needed
configure:3912: checking whether gcc-12 understands -c and -o together
configure:3935: gcc-12 -c conftest.c -o conftest2.o
configure:3938: $? = 0
configure:3935: gcc-12 -c conftest.c -o conftest2.o
configure:3938: $? = 0
configure:3950: result: yes
configure:3970: checking for SSL_library_init in -lssl
configure:3993: gcc-12 -o conftest -g -O2  -L/home/linuxbrew/.linuxbrew/opt/llvm@15/lib -Wl,-rpath,/home/linuxbrew/.linuxbrew/opt/llvm@15/lib conftest.c -lssl   >&5
/home/linuxbrew/.linuxbrew/bin/ld: /tmp/ccndr1Vd.o: in function `main':
/home/alex/tmp/parcurs/SCRATCH/RELEASE/asm/auto/conftest.c:17: undefined reference to `SSL_library_init'
collect2: error: ld returned 1 exit status
configure:3993: $? = 1
configure: failed program was:
| /* confdefs.h */
| #define PACKAGE_NAME "main"
| #define PACKAGE_TARNAME "main"
| #define PACKAGE_VERSION "1.0"
| #define PACKAGE_STRING "main 1.0"
| #define PACKAGE_BUGREPORT ""
| #define PACKAGE_URL ""
| /* end confdefs.h.  */
| 
| /* Override any GCC internal prototype to avoid an error.
|    Use char because int might match the return type of a GCC
|    builtin and then its argument prototype would still apply.  */
| char SSL_library_init ();
| int
| main (void)
| {
| return SSL_library_init ();
|   ;
|   return 0;
| }
configure:4003: result: no
configure:4013: checking for  in -lxlsxwriter
configure:4036: gcc-12 -o conftest -g -O2  -L/home/linuxbrew/.linuxbrew/opt/llvm@15/lib -Wl,-rpath,/home/linuxbrew/.linuxbrew/opt/llvm@15/lib conftest.c -lxlsxwriter   >&5
conftest.c:13:8: error: expected identifier or '(' before ')' token
   13 | char  ();
      |        ^
conftest.c: In function 'main':
conftest.c:17:10: error: expected expression before ')' token
   17 | return  ();
      |          ^
configure:4036: $? = 1
configure: failed program was:
| /* confdefs.h */
| #define PACKAGE_NAME "main"
| #define PACKAGE_TARNAME "main"
| #define PACKAGE_VERSION "1.0"
| #define PACKAGE_STRING "main 1.0"
| #define PACKAGE_BUGREPORT ""
| #define PACKAGE_URL ""
| /* end confdefs.h.  */
| 
| /* Override any GCC internal prototype to avoid an error.
|    Use char because int might match the return type of a GCC
|    builtin and then its argument prototype would still apply.  */
| char  ();
| int
| main (void)
| {
| return  ();
|   ;
|   return 0;
| }
configure:4046: result: no
configure:4056: checking for library containing dlopen
configure:4086: gcc-12 -o conftest -g -O2  -L/home/linuxbrew/.linuxbrew/opt/llvm@15/lib -Wl,-rpath,/home/linuxbrew/.linuxbrew/opt/llvm@15/lib conftest.c  >&5
configure:4086: $? = 0
configure:4106: result: none required
configure:4124: checking for stdio.h
configure:4124: gcc-12 -c -g -O2  conftest.c >&5
configure:4124: $? = 0
configure:4124: result: yes
configure:4124: checking for stdlib.h
configure:4124: gcc-12 -c -g -O2  conftest.c >&5
configure:4124: $? = 0
configure:4124: result: yes
configure:4124: checking for string.h
configure:4124: gcc-12 -c -g -O2  conftest.c >&5
configure:4124: $? = 0
configure:4124: result: yes
configure:4124: checking for inttypes.h
configure:4124: gcc-12 -c -g -O2  conftest.c >&5
configure:4124: $? = 0
configure:4124: result: yes
configure:4124: checking for stdint.h
configure:4124: gcc-12 -c -g -O2  conftest.c >&5
configure:4124: $? = 0
configure:4124: result: yes
configure:4124: checking for strings.h
configure:4124: gcc-12 -c -g -O2  conftest.c >&5
configure:4124: $? = 0
configure:4124: result: yes
configure:4124: checking for sys/stat.h
configure:4124: gcc-12 -c -g -O2  conftest.c >&5
configure:4124: $? = 0
configure:4124: result: yes
configure:4124: checking for sys/types.h
configure:4124: gcc-12 -c -g -O2  conftest.c >&5
configure:4124: $? = 0
configure:4124: result: yes
configure:4124: checking for unistd.h
configure:4124: gcc-12 -c -g -O2  conftest.c >&5
configure:4124: $? = 0
configure:4124: result: yes
configure:4152: checking for stdint.h
configure:4152: result: yes
configure:4199: checking build system type
configure:4214: result: x86_64-pc-linux-gnu
configure:4234: checking host system type
configure:4248: result: x86_64-pc-linux-gnu
configure:4289: checking how to print strings
configure:4316: result: printf
configure:4337: checking for a sed that does not truncate output
configure:4407: result: /bin/sed
configure:4425: checking for grep that handles long lines and -e
configure:4489: result: /bin/grep
configure:4494: checking for egrep
configure:4562: result: /bin/grep -E
configure:4567: checking for fgrep
configure:4635: result: /bin/grep -F
configure:4671: checking for ld used by gcc-12
configure:4739: result: /home/linuxbrew/.linuxbrew/bin/ld
configure:4746: checking if the linker (/home/linuxbrew/.linuxbrew/bin/ld) is GNU ld
configure:4762: result: yes
configure:4774: checking for BSD- or MS-compatible name lister (nm)
configure:4829: result: /home/linuxbrew/.linuxbrew/bin/nm -B
configure:4969: checking the name lister (/home/linuxbrew/.linuxbrew/bin/nm -B) interface
configure:4977: gcc-12 -c -g -O2  conftest.c >&5
configure:4980: /home/linuxbrew/.linuxbrew/bin/nm -B "conftest.o"
configure:4983: output
0000000000000000 B some_variable
configure:4990: result: BSD nm
configure:4993: checking whether ln -s works
configure:4997: result: yes
configure:5005: checking the maximum length of command line arguments
configure:5137: result: 1572864
configure:5185: checking how to convert x86_64-pc-linux-gnu file names to x86_64-pc-linux-gnu format
configure:5226: result: func_convert_file_noop
configure:5233: checking how to convert x86_64-pc-linux-gnu file names to toolchain format
configure:5254: result: func_convert_file_noop
configure:5261: checking for /home/linuxbrew/.linuxbrew/bin/ld option to reload object files
configure:5269: result: -r
configure:5348: checking for file
configure:5369: found /usr/bin/file
configure:5380: result: file
configure:5456: checking for objdump
configure:5477: found /home/linuxbrew/.linuxbrew/bin/objdump
configure:5488: result: objdump
configure:5520: checking how to recognize dependent libraries
configure:5721: result: pass_all
configure:5811: checking for dlltool
configure:5832: found /home/linuxbrew/.linuxbrew/bin/dlltool
configure:5843: result: dlltool
configure:5876: checking how to associate runtime and link libraries
configure:5904: result: printf %s\n
configure:5969: checking for ar
configure:5990: found /home/linuxbrew/.linuxbrew/bin/ar
configure:6001: result: ar
configure:6054: checking for archiver @FILE support
configure:6072: gcc-12 -c -g -O2  conftest.c >&5
configure:6072: $? = 0
configure:6076: ar cr libconftest.a @conftest.lst >&5
configure:6079: $? = 0
configure:6084: ar cr libconftest.a @conftest.lst >&5
ar: conftest.o: No such file or directory
configure:6087: $? = 1
configure:6099: result: @
configure:6162: checking for strip
configure:6183: found /home/linuxbrew/.linuxbrew/bin/strip
configure:6194: result: strip
configure:6271: checking for ranlib
configure:6292: found /home/linuxbrew/.linuxbrew/bin/ranlib
configure:6303: result: ranlib
configure:6380: checking for gawk
configure:6401: found /home/linuxbrew/.linuxbrew/bin/gawk
configure:6412: result: gawk
configure:6452: checking command to parse /home/linuxbrew/.linuxbrew/bin/nm -B output from gcc-12 object
configure:6606: gcc-12 -c -g -O2  conftest.c >&5
configure:6609: $? = 0
configure:6613: /home/linuxbrew/.linuxbrew/bin/nm -B conftest.o \| /bin/sed -n -e 's/^.*[ ]\([ABCDGIRSTW][ABCDGIRSTW]*\)[ ][ ]*\([_A-Za-z][_A-Za-z0-9]*\)$/\1 \2 \2/p' | /bin/sed '/ __gnu_lto/d' \> conftest.nm
configure:6616: $? = 0
configure:6682: gcc-12 -o conftest -g -O2  -L/home/linuxbrew/.linuxbrew/opt/llvm@15/lib -Wl,-rpath,/home/linuxbrew/.linuxbrew/opt/llvm@15/lib conftest.c conftstm.o >&5
configure:6685: $? = 0
configure:6723: result: ok
configure:6770: checking for sysroot
configure:6801: result: no
configure:6808: checking for a working dd
configure:6852: result: /bin/dd
configure:6856: checking how to truncate binary pipes
configure:6872: result: /bin/dd bs=4096 count=1
configure:7009: gcc-12 -c -g -O2  conftest.c >&5
configure:7012: $? = 0
configure:7209: checking for mt
configure:7230: found /bin/mt
configure:7241: result: mt
configure:7264: checking if mt is a manifest tool
configure:7271: mt '-?'
configure:7279: result: no
configure:8000: checking for dlfcn.h
configure:8000: gcc-12 -c -g -O2  conftest.c >&5
configure:8000: $? = 0
configure:8000: result: yes
configure:8259: checking for objdir
configure:8275: result: .libs
configure:8535: checking if gcc-12 supports -fno-rtti -fno-exceptions
configure:8554: gcc-12 -c -g -O2  -fno-rtti -fno-exceptions conftest.c >&5
cc1: warning: command-line option '-fno-rtti' is valid for C++/D/ObjC++ but not for C
configure:8558: $? = 0
configure:8571: result: no
configure:8929: checking for gcc-12 option to produce PIC
configure:8937: result: -fPIC -DPIC
configure:8945: checking if gcc-12 PIC flag -fPIC -DPIC works
configure:8964: gcc-12 -c -g -O2  -fPIC -DPIC -DPIC conftest.c >&5
configure:8968: $? = 0
configure:8981: result: yes
configure:9010: checking if gcc-12 static flag -static works
configure:9039: result: yes
configure:9054: checking if gcc-12 supports -c -o file.o
configure:9076: gcc-12 -c -g -O2  -o out/conftest2.o conftest.c >&5
configure:9080: $? = 0
configure:9102: result: yes
configure:9110: checking if gcc-12 supports -c -o file.o
configure:9158: result: yes
configure:9191: checking whether the gcc-12 linker (/home/linuxbrew/.linuxbrew/bin/ld -m elf_x86_64) supports shared libraries
configure:10459: result: yes
configure:10496: checking whether -lc should be explicitly linked in
configure:10505: gcc-12 -c -g -O2  conftest.c >&5
configure:10508: $? = 0
configure:10523: gcc-12 -shared  -fPIC -DPIC conftest.o  -v -Wl,-soname -Wl,conftest -o conftest 2\>\&1 \| /bin/grep  -lc  \>/dev/null 2\>\&1
configure:10526: $? = 0
configure:10540: result: no
configure:10700: checking dynamic linker characteristics
configure:11282: gcc-12 -o conftest -g -O2  -L/home/linuxbrew/.linuxbrew/opt/llvm@15/lib -Wl,-rpath,/home/linuxbrew/.linuxbrew/opt/llvm@15/lib -Wl,-rpath -Wl,/foo conftest.c  >&5
configure:11282: $? = 0
configure:11521: result: GNU/Linux ld.so
configure:11643: checking how to hardcode library paths into programs
configure:11668: result: immediate
configure:12220: checking whether stripping libraries is possible
configure:12229: result: yes
configure:12271: checking if libtool supports shared libraries
configure:12273: result: yes
configure:12276: checking whether to build shared libraries
configure:12301: result: yes
configure:12304: checking whether to build static libraries
configure:12308: result: yes
configure:12415: checking for g++
configure:12436: found /usr/bin/g++
configure:12447: result: g++
configure:12474: checking for C++ compiler version
configure:12483: g++ --version >&5
g++ (Ubuntu 5.5.0-12ubuntu1~16.04) 5.5.0 20171010
Copyright (C) 2015 Free Software Foundation, Inc.
This is free software; see the source for copying conditions.  There is NO
warranty; not even for MERCHANTABILITY or FITNESS FOR A PARTICULAR PURPOSE.

configure:12494: $? = 0
configure:12483: g++ -v >&5
Using built-in specs.
COLLECT_GCC=g++
COLLECT_LTO_WRAPPER=/usr/lib/gcc/x86_64-linux-gnu/5/lto-wrapper
Target: x86_64-linux-gnu
Configured with: ../src/configure -v --with-pkgversion='Ubuntu 5.5.0-12ubuntu1~16.04' --with-bugurl=file:///usr/share/doc/gcc-5/README.Bugs --enable-languages=c,ada,c++,java,go,d,fortran,objc,obj-c++ --prefix=/usr --program-suffix=-5 --enable-shared --enable-linker-build-id --libexecdir=/usr/lib --without-included-gettext --enable-threads=posix --libdir=/usr/lib --enable-nls --with-sysroot=/ --enable-clocale=gnu --enable-libstdcxx-debug --enable-libstdcxx-time=yes --with-default-libstdcxx-abi=new --enable-gnu-unique-object --disable-vtable-verify --enable-libmpx --enable-plugin --with-system-zlib --disable-browser-plugin --enable-java-awt=gtk --enable-gtk-cairo --with-java-home=/usr/lib/jvm/java-1.5.0-gcj-5-amd64/jre --enable-java-home --with-jvm-root-dir=/usr/lib/jvm/java-1.5.0-gcj-5-amd64 --with-jvm-jar-dir=/usr/lib/jvm-exports/java-1.5.0-gcj-5-amd64 --with-arch-directory=amd64 --with-ecj-jar=/usr/share/java/eclipse-ecj.jar --enable-objc-gc --enable-multiarch --disable-werror --with-arch-32=i686 --with-abi=m64 --with-multilib-list=m32,m64,mx32 --enable-multilib --with-tune=generic --enable-checking=release --build=x86_64-linux-gnu --host=x86_64-linux-gnu --target=x86_64-linux-gnu
Thread model: posix
gcc version 5.5.0 20171010 (Ubuntu 5.5.0-12ubuntu1~16.04) 
configure:12494: $? = 0
configure:12483: g++ -V >&5
g++: error: unrecognized command line option '-V'
g++: fatal error: no input files
compilation terminated.
configure:12494: $? = 1
configure:12483: g++ -qversion >&5
g++: error: unrecognized command line option '-qversion'
g++: fatal error: no input files
compilation terminated.
configure:12494: $? = 1
configure:12498: checking whether the compiler supports GNU C++
configure:12518: g++ -c   conftest.cpp >&5
configure:12518: $? = 0
configure:12528: result: yes
configure:12539: checking whether g++ accepts -g
configure:12560: g++ -c -g  conftest.cpp >&5
configure:12560: $? = 0
configure:12604: result: yes
configure:12624: checking for g++ option to enable C++11 features
configure:12639: g++  -c -g -O2  conftest.cpp >&5
conftest.cpp:68:3: error: #error "Compiler does not advertise C++11 conformance"
 # error "Compiler does not advertise C++11 conformance"
   ^
conftest.cpp:73:3: error: 'constexpr' does not name a type
   constexpr int get_val() { return 20; }
   ^
conftest.cpp:73:3: note: C++11 'constexpr' only available with -std=c++11 or -std=gnu++11
conftest.cpp: In constructor 'cxx11test::delegate::delegate()':
conftest.cpp:85:30: warning: delegating constructors only available with -std=c++11 or -std=gnu++11
     delegate(): delegate(2354) {}
                              ^
conftest.cpp: At global scope:
conftest.cpp:96:24: warning: override controls (override/final) only available with -std=c++11 or -std=gnu++11
     virtual int getval() override final { return this->n * 2; }
                        ^
conftest.cpp:96:26: warning: override controls (override/final) only available with -std=c++11 or -std=gnu++11
     virtual int getval() override final { return this->n * 2; }
                          ^
conftest.cpp:103:16: warning: defaulted and deleted functions only available with -std=c++11 or -std=gnu++11
     nocopy() = default;
                ^
conftest.cpp:104:29: warning: defaulted and deleted functions only available with -std=c++11 or -std=gnu++11
     nocopy(const nocopy&) = delete;
                             ^
conftest.cpp:105:41: warning: defaulted and deleted functions only available with -std=c++11 or -std=gnu++11
     nocopy & operator=(const nocopy&) = delete;
                                         ^
conftest.cpp:117:46: error: ISO C++ forbids declaration of 'sum' with no type [-fpermissive]
   template <typename V> auto sum(V first) -> V
                                              ^
conftest.cpp:117:46: error: top-level declaration of 'sum' specifies 'auto'
conftest.cpp:117:46: error: trailing return type only available with -std=c++11 or -std=gnu++11
conftest.cpp:121:33: warning: variadic templates only available with -std=c++11 or -std=gnu++11
   template <typename V, typename... Args> auto sum(V first, Args... rest) -> V
                                 ^
conftest.cpp:121:69: warning: variadic templates only available with -std=c++11 or -std=gnu++11
   template <typename V, typename... Args> auto sum(V first, Args... rest) -> V
                                                                     ^
conftest.cpp:121:78: error: ISO C++ forbids declaration of 'sum' with no type [-fpermissive]
   template <typename V, typename... Args> auto sum(V first, Args... rest) -> V
                                                                              ^
conftest.cpp:121:78: error: top-level declaration of 'sum' specifies 'auto'
conftest.cpp:121:78: error: trailing return type only available with -std=c++11 or -std=gnu++11
conftest.cpp: In function 'int main(int, char**)':
conftest.cpp:145:8: error: 'a1' does not name a type
   auto a1 = 6538;
        ^
conftest.cpp:146:8: error: 'a2' does not name a type
   auto a2 = 48573953.4;
        ^
conftest.cpp:147:8: error: 'a3' does not name a type
   auto a3 = "String literal";
        ^
conftest.cpp:150:13: error: 'i' does not name a type
   for (auto i = a3; *i; ++i) { total += *i; }
             ^
conftest.cpp:150:21: error: expected ';' before '*' token
   for (auto i = a3; *i; ++i) { total += *i; }
                     ^
conftest.cpp:150:22: error: 'i' was not declared in this scope
   for (auto i = a3; *i; ++i) { total += *i; }
                      ^
conftest.cpp:152:12: error: 'a2' was not declared in this scope
   decltype(a2) a4 = 34895.034;
            ^
conftest.cpp:152:14: error: 'decltype' was not declared in this scope
   decltype(a2) a4 = 34895.034;
              ^
conftest.cpp:156:12: error: 'get_val' is not a member of 'cxx11test'
   short sa[cxx11test::get_val()] = { 0 };
            ^
conftest.cpp:166:14: error: ISO C++ forbids declaration of 'x' with no type [-fpermissive]
   for (auto &x : array) { x += 23; }
              ^
conftest.cpp:166:18: warning: range-based 'for' loops only available with -std=c++11 or -std=gnu++11
   for (auto &x : array) { x += 23; }
                  ^
conftest.cpp:171:41: warning: lambda expressions only available with -std=c++11 or -std=gnu++11
   assert (eval ([](int x) { return x*2; }, 21) == 42);
                                         ^
conftest.cpp:171:46: error: no matching function for call to 'eval(main(int, char**)::<lambda(int)>, int)'
   assert (eval ([](int x) { return x*2; }, 21) == 42);
                                              ^
conftest.cpp:111:44: note: candidate: template<class Ret, class Fn> Ret cxx11test::eval(Fn, Ret)
   template <typename Ret, typename Fn> Ret eval(Fn f, Ret v)
                                            ^
conftest.cpp:111:44: note:   template argument deduction/substitution failed:
conftest.cpp: In substitution of 'template<class Ret, class Fn> Ret cxx11test::eval(Fn, Ret) [with Ret = int; Fn = main(int, char**)::<lambda(int)>]':
conftest.cpp:171:46:   required from here
conftest.cpp:171:46: error: template argument for 'template<class Ret, class Fn> Ret cxx11test::eval(Fn, Ret)' uses local type 'main(int, char**)::<lambda(int)>'
   assert (eval ([](int x) { return x*2; }, 21) == 42);
                                              ^
conftest.cpp:171:46: error:   trying to instantiate 'template<class Ret, class Fn> Ret cxx11test::eval(Fn, Ret)'
conftest.cpp:173:48: warning: lambda expressions only available with -std=c++11 or -std=gnu++11
   assert (eval ([&](double x) { return d += x; }, 3.0) == 5.0);
                                                ^
conftest.cpp:173:54: error: no matching function for call to 'eval(main(int, char**)::<lambda(double)>, double)'
   assert (eval ([&](double x) { return d += x; }, 3.0) == 5.0);
                                                      ^
conftest.cpp:111:44: note: candidate: template<class Ret, class Fn> Ret cxx11test::eval(Fn, Ret)
   template <typename Ret, typename Fn> Ret eval(Fn f, Ret v)
                                            ^
conftest.cpp:111:44: note:   template argument deduction/substitution failed:
conftest.cpp: In substitution of 'template<class Ret, class Fn> Ret cxx11test::eval(Fn, Ret) [with Ret = double; Fn = main(int, char**)::<lambda(double)>]':
conftest.cpp:173:54:   required from here
conftest.cpp:173:54: error: template argument for 'template<class Ret, class Fn> Ret cxx11test::eval(Fn, Ret)' uses local type 'main(int, char**)::<lambda(double)>'
   assert (eval ([&](double x) { return d += x; }, 3.0) == 5.0);
                                                      ^
conftest.cpp:173:54: error:   trying to instantiate 'template<class Ret, class Fn> Ret cxx11test::eval(Fn, Ret)'
conftest.cpp:175:56: warning: lambda expressions only available with -std=c++11 or -std=gnu++11
   assert (eval ([=](double x) mutable { return d += x; }, 4.0) == 9.0);
                                                        ^
conftest.cpp:175:62: error: no matching function for call to 'eval(main(int, char**)::<lambda(double)>, double)'
   assert (eval ([=](double x) mutable { return d += x; }, 4.0) == 9.0);
                                                              ^
conftest.cpp:111:44: note: candidate: template<class Ret, class Fn> Ret cxx11test::eval(Fn, Ret)
   template <typename Ret, typename Fn> Ret eval(Fn f, Ret v)
                                            ^
conftest.cpp:111:44: note:   template argument deduction/substitution failed:
conftest.cpp: In substitution of 'template<class Ret, class Fn> Ret cxx11test::eval(Fn, Ret) [with Ret = double; Fn = main(int, char**)::<lambda(double)>]':
conftest.cpp:175:62:   required from here
conftest.cpp:175:62: error: template argument for 'template<class Ret, class Fn> Ret cxx11test::eval(Fn, Ret)' uses local type 'main(int, char**)::<lambda(double)>'
   assert (eval ([=](double x) mutable { return d += x; }, 4.0) == 9.0);
                                                              ^
conftest.cpp:175:62: error:   trying to instantiate 'template<class Ret, class Fn> Ret cxx11test::eval(Fn, Ret)'
conftest.cpp:180:20: error: 'cxx11test::sum' has not been declared
   using cxx11test::sum;
                    ^
conftest.cpp:181:8: error: 'a' does not name a type
   auto a = sum(1);
        ^
conftest.cpp:182:8: error: 'b' does not name a type
   auto b = sum(1, 2);
        ^
conftest.cpp:183:8: error: 'c' does not name a type
   auto c = sum(1.0, 2.0, 3.0);
        ^
conftest.cpp:197:13: error: 'nullptr' was not declared in this scope
   char *c = nullptr;
             ^
conftest.cpp:201:36: error: '>>' should be '> >' within a nested template argument list
   test_template<::test_template<int>> v(test_template<int>(12));
                                    ^
conftest.cpp:201:16: error: '<::' cannot begin a template-argument list [-fpermissive]
   test_template<::test_template<int>> v(test_template<int>(12));
                ^
conftest.cpp:201:16: note: '<:' is an alternate spelling for '['. Insert whitespace between '<' and '::'
conftest.cpp:201:16: note: (if you use '-fpermissive' or '-std=c++11', or '-std=gnu++11' G++ will accept your code)
conftest.cpp:205:22: error: 'u8' was not declared in this scope
   char const *utf8 = u8"UTF-8 string \u2500";
                      ^
conftest.cpp:206:3: error: 'char16_t' was not declared in this scope
   char16_t const *utf16 = u"UTF-8 string \u2500";
   ^
conftest.cpp:207:3: error: 'char32_t' was not declared in this scope
   char32_t const *utf32 = U"UTF-32 string \u2500";
   ^
configure:12639: $? = 1
configure: failed program was:
| /* confdefs.h */
| #define PACKAGE_NAME "main"
| #define PACKAGE_TARNAME "main"
| #define PACKAGE_VERSION "1.0"
| #define PACKAGE_STRING "main 1.0"
| #define PACKAGE_BUGREPORT ""
| #define PACKAGE_URL ""
| #define HAVE_STDIO_H 1
| #define HAVE_STDLIB_H 1
| #define HAVE_STRING_H 1
| #define HAVE_INTTYPES_H 1
| #define HAVE_STDINT_H 1
| #define HAVE_STRINGS_H 1
| #define HAVE_SYS_STAT_H 1
| #define HAVE_SYS_TYPES_H 1
| #define HAVE_UNISTD_H 1
| #define STDC_HEADERS 1
| #define HAVE_STDINT_H 1
| #define HAVE_DLFCN_H 1
| #define LT_OBJDIR ".libs/"
| /* end confdefs.h.  */
| 
| // Does the compiler advertise C++98 conformance?
| #if !defined __cplusplus || __cplusplus < 199711L
| # error "Compiler does not advertise C++98 conformance"
| #endif
| 
| // These inclusions are to reject old compilers that
| // lack the unsuffixed header files.
| #include <cstdlib>
| #include <exception>
| 
| // <cassert> and <cstring> are *not* freestanding headers in C++98.
| extern void assert (int);
| namespace std {
|   extern int strcmp (const char *, const char *);
| }
| 
| // Namespaces, exceptions, and templates were all added after "C++ 2.0".
| using std::exception;
| using std::strcmp;
| 
| namespace {
| 
| void test_exception_syntax()
| {
|   try {
|     throw "test";
|   } catch (const char *s) {
|     // Extra parentheses suppress a warning when building autoconf itself,
|     // due to lint rules shared with more typical C programs.
|     assert (!(strcmp) (s, "test"));
|   }
| }
| 
| template <typename T> struct test_template
| {
|   T const val;
|   explicit test_template(T t) : val(t) {}
|   template <typename U> T add(U u) { return static_cast<T>(u) + val; }
| };
| 
| } // anonymous namespace
| 
| 
| // Does the compiler advertise C++ 2011 conformance?
| #if !defined __cplusplus || __cplusplus < 201103L
| # error "Compiler does not advertise C++11 conformance"
| #endif
| 
| namespace cxx11test
| {
|   constexpr int get_val() { return 20; }
| 
|   struct testinit
|   {
|     int i;
|     double d;
|   };
| 
|   class delegate
|   {
|   public:
|     delegate(int n) : n(n) {}
|     delegate(): delegate(2354) {}
| 
|     virtual int getval() { return this->n; };
|   protected:
|     int n;
|   };
| 
|   class overridden : public delegate
|   {
|   public:
|     overridden(int n): delegate(n) {}
|     virtual int getval() override final { return this->n * 2; }
|   };
| 
|   class nocopy
|   {
|   public:
|     nocopy(int i): i(i) {}
|     nocopy() = default;
|     nocopy(const nocopy&) = delete;
|     nocopy & operator=(const nocopy&) = delete;
|   private:
|     int i;
|   };
| 
|   // for testing lambda expressions
|   template <typename Ret, typename Fn> Ret eval(Fn f, Ret v)
|   {
|     return f(v);
|   }
| 
|   // for testing variadic templates and trailing return types
|   template <typename V> auto sum(V first) -> V
|   {
|     return first;
|   }
|   template <typename V, typename... Args> auto sum(V first, Args... rest) -> V
|   {
|     return first + sum(rest...);
|   }
| }
| 
| 
| int
| main (int argc, char **argv)
| {
|   int ok = 0;
|   
|   assert (argc);
|   assert (! argv[0]);
| {
|   test_exception_syntax ();
|   test_template<double> tt (2.0);
|   assert (tt.add (4) == 6.0);
|   assert (true && !false);
| }
| 
|   
| {
|   // Test auto and decltype
|   auto a1 = 6538;
|   auto a2 = 48573953.4;
|   auto a3 = "String literal";
| 
|   int total = 0;
|   for (auto i = a3; *i; ++i) { total += *i; }
| 
|   decltype(a2) a4 = 34895.034;
| }
| {
|   // Test constexpr
|   short sa[cxx11test::get_val()] = { 0 };
| }
| {
|   // Test initializer lists
|   cxx11test::testinit il = { 4323, 435234.23544 };
| }
| {
|   // Test range-based for
|   int array[] = {9, 7, 13, 15, 4, 18, 12, 10, 5, 3,
|                  14, 19, 17, 8, 6, 20, 16, 2, 11, 1};
|   for (auto &x : array) { x += 23; }
| }
| {
|   // Test lambda expressions
|   using cxx11test::eval;
|   assert (eval ([](int x) { return x*2; }, 21) == 42);
|   double d = 2.0;
|   assert (eval ([&](double x) { return d += x; }, 3.0) == 5.0);
|   assert (d == 5.0);
|   assert (eval ([=](double x) mutable { return d += x; }, 4.0) == 9.0);
|   assert (d == 5.0);
| }
| {
|   // Test use of variadic templates
|   using cxx11test::sum;
|   auto a = sum(1);
|   auto b = sum(1, 2);
|   auto c = sum(1.0, 2.0, 3.0);
| }
| {
|   // Test constructor delegation
|   cxx11test::delegate d1;
|   cxx11test::delegate d2();
|   cxx11test::delegate d3(45);
| }
| {
|   // Test override and final
|   cxx11test::overridden o1(55464);
| }
| {
|   // Test nullptr
|   char *c = nullptr;
| }
| {
|   // Test template brackets
|   test_template<::test_template<int>> v(test_template<int>(12));
| }
| {
|   // Unicode literals
|   char const *utf8 = u8"UTF-8 string \u2500";
|   char16_t const *utf16 = u"UTF-8 string \u2500";
|   char32_t const *utf32 = U"UTF-32 string \u2500";
| }
| 
|   return ok;
| }
| 
configure:12657: result: none needed
configure:12739: checking how to run the C++ preprocessor
configure:12761: g++ -E  conftest.cpp
configure:12761: $? = 0
configure:12776: g++ -E  conftest.cpp
conftest.cpp:22:28: fatal error: ac_nonexistent.h: No such file or directory
compilation terminated.
configure:12776: $? = 1
configure: failed program was:
| /* confdefs.h */
| #define PACKAGE_NAME "main"
| #define PACKAGE_TARNAME "main"
| #define PACKAGE_VERSION "1.0"
| #define PACKAGE_STRING "main 1.0"
| #define PACKAGE_BUGREPORT ""
| #define PACKAGE_URL ""
| #define HAVE_STDIO_H 1
| #define HAVE_STDLIB_H 1
| #define HAVE_STRING_H 1
| #define HAVE_INTTYPES_H 1
| #define HAVE_STDINT_H 1
| #define HAVE_STRINGS_H 1
| #define HAVE_SYS_STAT_H 1
| #define HAVE_SYS_TYPES_H 1
| #define HAVE_UNISTD_H 1
| #define STDC_HEADERS 1
| #define HAVE_STDINT_H 1
| #define HAVE_DLFCN_H 1
| #define LT_OBJDIR ".libs/"
| /* end confdefs.h.  */
| #include <ac_nonexistent.h>
configure:12803: result: g++ -E
configure:12817: g++ -E  conftest.cpp
configure:12817: $? = 0
configure:12832: g++ -E  conftest.cpp
conftest.cpp:22:28: fatal error: ac_nonexistent.h: No such file or directory
compilation terminated.
configure:12832: $? = 1
configure: failed program was:
| /* confdefs.h */
| #define PACKAGE_NAME "main"
| #define PACKAGE_TARNAME "main"
| #define PACKAGE_VERSION "1.0"
| #define PACKAGE_STRING "main 1.0"
| #define PACKAGE_BUGREPORT ""
| #define PACKAGE_URL ""
| #define HAVE_STDIO_H 1
| #define HAVE_STDLIB_H 1
| #define HAVE_STRING_H 1
| #define HAVE_INTTYPES_H 1
| #define HAVE_STDINT_H 1
| #define HAVE_STRINGS_H 1
| #define HAVE_SYS_STAT_H 1
| #define HAVE_SYS_TYPES_H 1
| #define HAVE_UNISTD_H 1
| #define STDC_HEADERS 1
| #define HAVE_STDINT_H 1
| #define HAVE_DLFCN_H 1
| #define LT_OBJDIR ".libs/"
| /* end confdefs.h.  */
| #include <ac_nonexistent.h>
configure:12997: checking for ld used by g++
configure:13065: result: /home/linuxbrew/.linuxbrew/bin/ld -m elf_x86_64
configure:13072: checking if the linker (/home/linuxbrew/.linuxbrew/bin/ld -m elf_x86_64) is GNU ld
configure:13088: result: yes
configure:13143: checking whether the g++ linker (/home/linuxbrew/.linuxbrew/bin/ld -m elf_x86_64) supports shared libraries
configure:14221: result: yes
configure:14257: g++ -c -g -O2  conftest.cpp >&5
configure:14260: $? = 0
configure:14741: checking for g++ option to produce PIC
configure:14749: result: -fPIC -DPIC
configure:14757: checking if g++ PIC flag -fPIC -DPIC works
configure:14776: g++ -c -g -O2  -fPIC -DPIC -DPIC conftest.cpp >&5
configure:14780: $? = 0
configure:14793: result: yes
configure:14816: checking if g++ static flag -static works
configure:14845: result: yes
configure:14857: checking if g++ supports -c -o file.o
configure:14879: g++ -c -g -O2  -o out/conftest2.o conftest.cpp >&5
configure:14883: $? = 0
configure:14905: result: yes
configure:14910: checking if g++ supports -c -o file.o
configure:14958: result: yes
configure:14988: checking whether the g++ linker (/home/linuxbrew/.linuxbrew/bin/ld -m elf_x86_64) supports shared libraries
configure:15028: result: yes
configure:15170: checking dynamic linker characteristics
configure:15918: result: GNU/Linux ld.so
configure:15983: checking how to hardcode library paths into programs
configure:16008: result: immediate
configure:16052: checking for gawk
configure:16084: result: gawk
configure:16148: checking for gcc
configure:16180: result: gcc-12
configure:16533: checking for C compiler version
configure:16542: gcc-12 --version >&5
gcc-12 (Homebrew GCC 12.2.0) 12.2.0
Copyright (C) 2022 Free Software Foundation, Inc.
This is free software; see the source for copying conditions.  There is NO
warranty; not even for MERCHANTABILITY or FITNESS FOR A PARTICULAR PURPOSE.

configure:16553: $? = 0
configure:16542: gcc-12 -v >&5
Reading specs from /home/linuxbrew/.linuxbrew/Cellar/gcc/12.2.0/bin/../lib/gcc/current/gcc/x86_64-pc-linux-gnu/12/specs
COLLECT_GCC=gcc-12
COLLECT_LTO_WRAPPER=/home/linuxbrew/.linuxbrew/Cellar/gcc/12.2.0/bin/../libexec/gcc/x86_64-pc-linux-gnu/12/lto-wrapper
Target: x86_64-pc-linux-gnu
Configured with: ../configure --prefix=/home/linuxbrew/.linuxbrew/opt/gcc --libdir=/home/linuxbrew/.linuxbrew/opt/gcc/lib/gcc/current --disable-nls --enable-checking=release --with-gcc-major-version-only --enable-languages=c,c++,objc,obj-c++,fortran --program-suffix=-12 --with-gmp=/home/linuxbrew/.linuxbrew/opt/gmp --with-mpfr=/home/linuxbrew/.linuxbrew/opt/mpfr --with-mpc=/home/linuxbrew/.linuxbrew/opt/libmpc --with-isl=/home/linuxbrew/.linuxbrew/opt/isl --with-zstd=/home/linuxbrew/.linuxbrew/opt/zstd --with-pkgversion='Homebrew GCC 12.2.0' --with-bugurl=https://github.com/Homebrew/homebrew-core/issues --with-system-zlib --with-boot-ldflags='-static-libstdc++ -static-libgcc ' --disable-multilib
Thread model: posix
Supported LTO compression algorithms: zlib zstd
gcc version 12.2.0 (Homebrew GCC 12.2.0) 
configure:16553: $? = 0
configure:16542: gcc-12 -V >&5
gcc-12: error: unrecognized command-line option '-V'
gcc-12: fatal error: no input files
compilation terminated.
configure:16553: $? = 1
configure:16542: gcc-12 -qversion >&5
gcc-12: error: unrecognized command-line option '-qversion'; did you mean '--version'?
gcc-12: fatal error: no input files
compilation terminated.
configure:16553: $? = 1
configure:16542: gcc-12 -version >&5
gcc-12: error: unrecognized command-line option '-version'
gcc-12: fatal error: no input files
compilation terminated.
configure:16553: $? = 1
configure:16557: checking whether the compiler supports GNU C
configure:16587: result: yes
configure:16598: checking whether gcc-12 accepts -g
configure:16663: result: yes
configure:16683: checking for gcc-12 option to enable C11 features
configure:16716: result: none needed
configure:16832: checking whether gcc-12 understands -c and -o together
configure:16870: result: yes
configure:16892: checking how to run the C preprocessor
configure:16918: gcc-12 -E  conftest.c
configure:16918: $? = 0
configure:16933: gcc-12 -E  conftest.c
conftest.c:22:10: fatal error: ac_nonexistent.h: No such file or directory
   22 | #include <ac_nonexistent.h>
      |          ^~~~~~~~~~~~~~~~~~
compilation terminated.
configure:16933: $? = 1
configure: failed program was:
| /* confdefs.h */
| #define PACKAGE_NAME "main"
| #define PACKAGE_TARNAME "main"
| #define PACKAGE_VERSION "1.0"
| #define PACKAGE_STRING "main 1.0"
| #define PACKAGE_BUGREPORT ""
| #define PACKAGE_URL ""
| #define HAVE_STDIO_H 1
| #define HAVE_STDLIB_H 1
| #define HAVE_STRING_H 1
| #define HAVE_INTTYPES_H 1
| #define HAVE_STDINT_H 1
| #define HAVE_STRINGS_H 1
| #define HAVE_SYS_STAT_H 1
| #define HAVE_SYS_TYPES_H 1
| #define HAVE_UNISTD_H 1
| #define STDC_HEADERS 1
| #define HAVE_STDINT_H 1
| #define HAVE_DLFCN_H 1
| #define LT_OBJDIR ".libs/"
| /* end confdefs.h.  */
| #include <ac_nonexistent.h>
configure:16960: result: gcc-12 -E
configure:16974: gcc-12 -E  conftest.c
configure:16974: $? = 0
configure:16989: gcc-12 -E  conftest.c
conftest.c:22:10: fatal error: ac_nonexistent.h: No such file or directory
   22 | #include <ac_nonexistent.h>
      |          ^~~~~~~~~~~~~~~~~~
compilation terminated.
configure:16989: $? = 1
configure: failed program was:
| /* confdefs.h */
| #define PACKAGE_NAME "main"
| #define PACKAGE_TARNAME "main"
| #define PACKAGE_VERSION "1.0"
| #define PACKAGE_STRING "main 1.0"
| #define PACKAGE_BUGREPORT ""
| #define PACKAGE_URL ""
| #define HAVE_STDIO_H 1
| #define HAVE_STDLIB_H 1
| #define HAVE_STRING_H 1
| #define HAVE_INTTYPES_H 1
| #define HAVE_STDINT_H 1
| #define HAVE_STRINGS_H 1
| #define HAVE_SYS_STAT_H 1
| #define HAVE_SYS_TYPES_H 1
| #define HAVE_UNISTD_H 1
| #define STDC_HEADERS 1
| #define HAVE_STDINT_H 1
| #define HAVE_DLFCN_H 1
| #define LT_OBJDIR ".libs/"
| /* end confdefs.h.  */
| #include <ac_nonexistent.h>
configure:17034: checking for a BSD-compatible install
configure:17107: result: /usr/bin/install -c
configure:17118: checking whether ln -s works
configure:17122: result: yes
configure:17129: checking whether make sets $(MAKE)
configure:17152: result: yes
configure:17209: checking for ranlib
configure:17241: result: ranlib
configure:17376: checking the archiver (ar) interface
configure:17393: gcc-12 -c -g -O2  conftest.c >&5
configure:17393: $? = 0
configure:17396: ar cru libconftest.a conftest.o >&5
ar: `u' modifier ignored since `D' is the default (see `U')
configure:17399: $? = 0
configure:17427: result: ar
configure:17449: checking whether build environment is sane
configure:17504: result: yes
configure:17659: checking for a race-free mkdir -p
configure:17703: result: /bin/mkdir -p
configure:17719: checking whether make supports the include directive
configure:17734: make -f confmf.GNU && cat confinc.out
make[1]: Entering directory '/home/alex/tmp/parcurs/SCRATCH/RELEASE/asm/auto'
make[1]: Leaving directory '/home/alex/tmp/parcurs/SCRATCH/RELEASE/asm/auto'
this is the am__doit target
configure:17737: $? = 0
configure:17756: result: yes (GNU style)
configure:17791: checking whether make supports nested variables
configure:17809: result: yes
configure:17890: checking dependency style of gcc-12
configure:18002: result: gcc3
configure:18019: checking dependency style of g++
configure:18131: result: gcc3
configure:18314: checking that generated files are newer than configure
configure:18320: result: done
configure:18347: creating ./config.status

## ---------------- ##
## Cache variables. ##
## ---------------- ##

ac_cv_build=x86_64-pc-linux-gnu
ac_cv_c_compiler_gnu=yes
ac_cv_cxx_compiler_gnu=yes
ac_cv_env_CCC_set=
ac_cv_env_CCC_value=
ac_cv_env_CC_set=set
ac_cv_env_CC_value=gcc-12
ac_cv_env_CFLAGS_set=
ac_cv_env_CFLAGS_value=
ac_cv_env_CPPFLAGS_set=
ac_cv_env_CPPFLAGS_value=
ac_cv_env_CPP_set=
ac_cv_env_CPP_value=
ac_cv_env_CXXCPP_set=
ac_cv_env_CXXCPP_value=
ac_cv_env_CXXFLAGS_set=
ac_cv_env_CXXFLAGS_value=
ac_cv_env_CXX_set=
ac_cv_env_CXX_value=
ac_cv_env_LDFLAGS_set=set
ac_cv_env_LDFLAGS_value='-L/home/linuxbrew/.linuxbrew/opt/llvm@15/lib -Wl,-rpath,/home/linuxbrew/.linuxbrew/opt/llvm@15/lib'
ac_cv_env_LIBS_set=
ac_cv_env_LIBS_value=
ac_cv_env_LT_SYS_LIBRARY_PATH_set=
ac_cv_env_LT_SYS_LIBRARY_PATH_value=
ac_cv_env_build_alias_set=
ac_cv_env_build_alias_value=
ac_cv_env_host_alias_set=
ac_cv_env_host_alias_value=
ac_cv_env_target_alias_set=
ac_cv_env_target_alias_value=
ac_cv_header_dlfcn_h=yes
ac_cv_header_inttypes_h=yes
ac_cv_header_stdint_h=yes
ac_cv_header_stdio_h=yes
ac_cv_header_stdlib_h=yes
ac_cv_header_string_h=yes
ac_cv_header_strings_h=yes
ac_cv_header_sys_stat_h=yes
ac_cv_header_sys_types_h=yes
ac_cv_header_unistd_h=yes
ac_cv_host=x86_64-pc-linux-gnu
ac_cv_lib_ssl_SSL_library_init=no
ac_cv_lib_xlsxwriter_=no
ac_cv_objext=o
ac_cv_path_EGREP='/bin/grep -E'
ac_cv_path_FGREP='/bin/grep -F'
ac_cv_path_GREP=/bin/grep
ac_cv_path_SED=/bin/sed
ac_cv_path_install='/usr/bin/install -c'
ac_cv_path_lt_DD=/bin/dd
ac_cv_path_mkdir=/bin/mkdir
ac_cv_prog_AWK=gawk
ac_cv_prog_CPP='gcc-12 -E'
ac_cv_prog_CXXCPP='g++ -E'
ac_cv_prog_ac_ct_AR=ar
ac_cv_prog_ac_ct_CC=gcc-12
ac_cv_prog_ac_ct_CXX=g++
ac_cv_prog_ac_ct_DLLTOOL=dlltool
ac_cv_prog_ac_ct_FILECMD=file
ac_cv_prog_ac_ct_MANIFEST_TOOL=mt
ac_cv_prog_ac_ct_OBJDUMP=objdump
ac_cv_prog_ac_ct_RANLIB=ranlib
ac_cv_prog_ac_ct_STRIP=strip
ac_cv_prog_cc_c11=
ac_cv_prog_cc_g=yes
ac_cv_prog_cc_stdc=
ac_cv_prog_cxx_11=no
ac_cv_prog_cxx_g=yes
ac_cv_prog_cxx_stdcxx=
ac_cv_prog_make_make_set=yes
ac_cv_search_dlopen='none required'
am_cv_CC_dependencies_compiler_type=gcc3
am_cv_CXX_dependencies_compiler_type=gcc3
am_cv_ar_interface=ar
am_cv_make_support_nested_variables=yes
am_cv_prog_cc_c_o=yes
lt_cv_ar_at_file=@
lt_cv_archive_cmds_need_lc=no
lt_cv_deplibs_check_method=pass_all
lt_cv_file_magic_cmd='$MAGIC_CMD'
lt_cv_file_magic_test_file=
lt_cv_ld_reload_flag=-r
lt_cv_nm_interface='BSD nm'
lt_cv_objdir=.libs
lt_cv_path_LD=/home/linuxbrew/.linuxbrew/bin/ld
lt_cv_path_LDCXX='/home/linuxbrew/.linuxbrew/bin/ld -m elf_x86_64'
lt_cv_path_NM='/home/linuxbrew/.linuxbrew/bin/nm -B'
lt_cv_path_mainfest_tool=no
lt_cv_prog_compiler_c_o=yes
lt_cv_prog_compiler_c_o_CXX=yes
lt_cv_prog_compiler_pic='-fPIC -DPIC'
lt_cv_prog_compiler_pic_CXX='-fPIC -DPIC'
lt_cv_prog_compiler_pic_works=yes
lt_cv_prog_compiler_pic_works_CXX=yes
lt_cv_prog_compiler_rtti_exceptions=no
lt_cv_prog_compiler_static_works=yes
lt_cv_prog_compiler_static_works_CXX=yes
lt_cv_prog_gnu_ld=yes
lt_cv_prog_gnu_ldcxx=yes
lt_cv_sharedlib_from_linklib_cmd='printf %s\n'
lt_cv_shlibpath_overrides_runpath=no
lt_cv_sys_global_symbol_pipe='/bin/sed -n -e '\''s/^.*[	 ]\([ABCDGIRSTW][ABCDGIRSTW]*\)[	 ][	 ]*\([_A-Za-z][_A-Za-z0-9]*\)$/\1 \2 \2/p'\'' | /bin/sed '\''/ __gnu_lto/d'\'''
lt_cv_sys_global_symbol_to_c_name_address='/bin/sed -n -e '\''s/^: \(.*\) .*$/  {"\1", (void *) 0},/p'\'' -e '\''s/^[ABCDGIRSTW][ABCDGIRSTW]* .* \(.*\)$/  {"\1", (void *) \&\1},/p'\'''
lt_cv_sys_global_symbol_to_c_name_address_lib_prefix='/bin/sed -n -e '\''s/^: \(.*\) .*$/  {"\1", (void *) 0},/p'\'' -e '\''s/^[ABCDGIRSTW][ABCDGIRSTW]* .* \(lib.*\)$/  {"\1", (void *) \&\1},/p'\'' -e '\''s/^[ABCDGIRSTW][ABCDGIRSTW]* .* \(.*\)$/  {"lib\1", (void *) \&\1},/p'\'''
lt_cv_sys_global_symbol_to_cdecl='/bin/sed -n -e '\''s/^T .* \(.*\)$/extern int \1();/p'\'' -e '\''s/^[ABCDGIRSTW][ABCDGIRSTW]* .* \(.*\)$/extern char \1;/p'\'''
lt_cv_sys_global_symbol_to_import=
lt_cv_sys_max_cmd_len=1572864
lt_cv_to_host_file_cmd=func_convert_file_noop
lt_cv_to_tool_file_cmd=func_convert_file_noop
lt_cv_truncate_bin='/bin/dd bs=4096 count=1'

## ----------------- ##
## Output variables. ##
## ----------------- ##

ACLOCAL='${SHELL} '\''/home/alex/tmp/parcurs/SCRATCH/RELEASE/asm/auto/missing'\'' aclocal-1.16'
AMDEPBACKSLASH='\'
AMDEP_FALSE='#'
AMDEP_TRUE=''
AMTAR='$${TAR-tar}'
AM_BACKSLASH='\'
AM_DEFAULT_V='$(AM_DEFAULT_VERBOSITY)'
AM_DEFAULT_VERBOSITY='1'
AM_V='$(V)'
AR='ar'
AUTOCONF='${SHELL} '\''/home/alex/tmp/parcurs/SCRATCH/RELEASE/asm/auto/missing'\'' autoconf'
AUTOHEADER='${SHELL} '\''/home/alex/tmp/parcurs/SCRATCH/RELEASE/asm/auto/missing'\'' autoheader'
AUTOMAKE='${SHELL} '\''/home/alex/tmp/parcurs/SCRATCH/RELEASE/asm/auto/missing'\'' automake-1.16'
AWK='gawk'
CC='gcc-12'
CCDEPMODE='depmode=gcc3'
CFLAGS='-g -O2'
CPP='gcc-12 -E'
CPPFLAGS=''
CSCOPE='cscope'
CTAGS='ctags'
CXX='g++'
CXXCPP='g++ -E'
CXXDEPMODE='depmode=gcc3'
CXXFLAGS='-g -O2'
CYGPATH_W='echo'
DEFS='-DHAVE_CONFIG_H'
DEPDIR='.deps'
DLLTOOL='dlltool'
DSYMUTIL=''
DUMPBIN=''
ECHO_C=''
ECHO_N='-n'
ECHO_T=''
EGREP='/bin/grep -E'
ETAGS='etags'
EXEEXT=''
FGREP='/bin/grep -F'
FILECMD='file'
GREP='/bin/grep'
INSTALL_DATA='${INSTALL} -m 644'
INSTALL_PROGRAM='${INSTALL}'
INSTALL_SCRIPT='${INSTALL}'
INSTALL_STRIP_PROGRAM='$(install_sh) -c -s'
LD='/home/linuxbrew/.linuxbrew/bin/ld -m elf_x86_64'
LDFLAGS='-L/home/linuxbrew/.linuxbrew/opt/llvm@15/lib -Wl,-rpath,/home/linuxbrew/.linuxbrew/opt/llvm@15/lib'
LIBOBJS=''
LIBS=''
LIBTOOL='$(SHELL) $(top_builddir)/libtool'
LIPO=''
LN_S='ln -s'
LTLIBOBJS=''
LT_SYS_LIBRARY_PATH=''
MAKEINFO='${SHELL} '\''/home/alex/tmp/parcurs/SCRATCH/RELEASE/asm/auto/missing'\'' makeinfo'
MANIFEST_TOOL=':'
MKDIR_P='/bin/mkdir -p'
NM='/home/linuxbrew/.linuxbrew/bin/nm -B'
NMEDIT=''
OBJDUMP='objdump'
OBJEXT='o'
OTOOL64=''
OTOOL=''
PACKAGE='main'
PACKAGE_BUGREPORT=''
PACKAGE_NAME='main'
PACKAGE_STRING='main 1.0'
PACKAGE_TARNAME='main'
PACKAGE_URL=''
PACKAGE_VERSION='1.0'
PATH_SEPARATOR=':'
RANLIB='ranlib'
SED='/bin/sed'
SET_MAKE=''
SHELL='/bin/bash'
STRIP='strip'
VERSION='1.0'
ac_ct_AR='ar'
ac_ct_CC='gcc-12'
ac_ct_CXX='g++'
ac_ct_DUMPBIN=''
am__EXEEXT_FALSE=''
am__EXEEXT_TRUE='#'
am__fastdepCC_FALSE='#'
am__fastdepCC_TRUE=''
am__fastdepCXX_FALSE='#'
am__fastdepCXX_TRUE=''
am__include='include'
am__isrc=''
am__leading_dot='.'
am__nodep='_no'
am__quote=''
am__tar='$${TAR-tar} chof - "$$tardir"'
am__untar='$${TAR-tar} xf -'
bindir='${exec_prefix}/bin'
build='x86_64-pc-linux-gnu'
build_alias=''
build_cpu='x86_64'
build_os='linux-gnu'
build_vendor='pc'
datadir='${datarootdir}'
datarootdir='${prefix}/share'
docdir='${datarootdir}/doc/${PACKAGE_TARNAME}'
dvidir='${docdir}'
exec_prefix='${prefix}'
host='x86_64-pc-linux-gnu'
host_alias=''
host_cpu='x86_64'
host_os='linux-gnu'
host_vendor='pc'
htmldir='${docdir}'
includedir='${prefix}/include'
infodir='${datarootdir}/info'
install_sh='${SHELL} /home/alex/tmp/parcurs/SCRATCH/RELEASE/asm/auto/install-sh'
libdir='${exec_prefix}/lib'
libexecdir='${exec_prefix}/libexec'
localedir='${datarootdir}/locale'
localstatedir='${prefix}/var'
mandir='${datarootdir}/man'
mkdir_p='$(MKDIR_P)'
oldincludedir='/usr/include'
pdfdir='${docdir}'
prefix='/usr/local'
program_transform_name='s,x,x,'
psdir='${docdir}'
runstatedir='${localstatedir}/run'
sbindir='${exec_prefix}/sbin'
sharedstatedir='${prefix}/com'
sysconfdir='${prefix}/etc'
target_alias=''

## ----------- ##
## confdefs.h. ##
## ----------- ##

/* confdefs.h */
#define PACKAGE_NAME "main"
#define PACKAGE_TARNAME "main"
#define PACKAGE_VERSION "1.0"
#define PACKAGE_STRING "main 1.0"
#define PACKAGE_BUGREPORT ""
#define PACKAGE_URL ""
#define HAVE_STDIO_H 1
#define HAVE_STDLIB_H 1
#define HAVE_STRING_H 1
#define HAVE_INTTYPES_H 1
#define HAVE_STDINT_H 1
#define HAVE_STRINGS_H 1
#define HAVE_SYS_STAT_H 1
#define HAVE_SYS_TYPES_H 1
#define HAVE_UNISTD_H 1
#define STDC_HEADERS 1
#define HAVE_STDINT_H 1
#define HAVE_DLFCN_H 1
#define LT_OBJDIR ".libs/"
#define PACKAGE "main"
#define VERSION "1.0"

configure: exit 0

## ---------------------- ##
## Running config.status. ##
## ---------------------- ##

This file was extended by main config.status 1.0, which was
generated by GNU Autoconf 2.71.  Invocation command line was

  CONFIG_FILES    = 
  CONFIG_HEADERS  = 
  CONFIG_LINKS    = 
  CONFIG_COMMANDS = 
  $ ./config.status 

on T460

config.status:1147: creating Makefile
config.status:1147: creating config.h
config.status:1328: config.h is unchanged
config.status:1376: executing libtool commands
config.status:1376: executing depfiles commands
config.status:2170: cd .       && sed -e '/# am--include-marker/d' Makefile         | make -f - am--depfiles
make[1]: Entering directory '/home/alex/tmp/parcurs/SCRATCH/RELEASE/asm/auto'
make[1]: Nothing to be done for 'am--depfiles'.
make[1]: Leaving directory '/home/alex/tmp/parcurs/SCRATCH/RELEASE/asm/auto'
config.status:2175: $? = 0

## ---------------------- ##
## Running config.status. ##
## ---------------------- ##

This file was extended by main config.status 1.0, which was
generated by GNU Autoconf 2.71.  Invocation command line was

  CONFIG_FILES    = 
  CONFIG_HEADERS  = 
  CONFIG_LINKS    = 
  CONFIG_COMMANDS = 
  $ ./config.status config.h

on T460

config.status:1147: creating config.h
config.status:1328: config.h is unchanged
